This is pdfTeX, Version 3.1415926-1.40.10 (TeX Live 2009/Debian) (format=pdflatex 2014.5.7)  23 SEP 2014 05:53
entering extended mode
 %&-line parsing enabled.
**informe.tex
(./informe.tex
LaTeX2e <2009/09/24>
Babel <v3.8l> and hyphenation patterns for english, usenglishmax, dumylang, noh
yphenation, loaded.
(/usr/share/texmf-texlive/tex/latex/base/article.cls
Document Class: article 2007/10/19 v1.4h Standard LaTeX document class
(/usr/share/texmf-texlive/tex/latex/base/size10.clo
File: size10.clo 2007/10/19 v1.4h Standard LaTeX file (size option)
)
\c@part=\count79
\c@section=\count80
\c@subsection=\count81
\c@subsubsection=\count82
\c@paragraph=\count83
\c@subparagraph=\count84
\c@figure=\count85
\c@table=\count86
\abovecaptionskip=\skip41
\belowcaptionskip=\skip42
\bibindent=\dimen102
)
(/usr/share/texmf-texlive/tex/latex/graphics/graphicx.sty
Package: graphicx 1999/02/16 v1.0f Enhanced LaTeX Graphics (DPC,SPQR)

(/usr/share/texmf-texlive/tex/latex/graphics/keyval.sty
Package: keyval 1999/03/16 v1.13 key=value parser (DPC)
\KV@toks@=\toks14
)
(/usr/share/texmf-texlive/tex/latex/graphics/graphics.sty
Package: graphics 2009/02/05 v1.0o Standard LaTeX Graphics (DPC,SPQR)

(/usr/share/texmf-texlive/tex/latex/graphics/trig.sty
Package: trig 1999/03/16 v1.09 sin cos tan (DPC)
)
(/etc/texmf/tex/latex/config/graphics.cfg
File: graphics.cfg 2009/08/28 v1.8 graphics configuration of TeX Live
)
Package graphics Info: Driver file: pdftex.def on input line 91.

(/usr/share/texmf-texlive/tex/latex/pdftex-def/pdftex.def
File: pdftex.def 2010/03/12 v0.04p Graphics/color for pdfTeX
\Gread@gobject=\count87
))
\Gin@req@height=\dimen103
\Gin@req@width=\dimen104
)
(/usr/share/texmf-texlive/tex/latex/amsmath/amsmath.sty
Package: amsmath 2000/07/18 v2.13 AMS math features
\@mathmargin=\skip43

For additional information on amsmath, use the `?' option.
(/usr/share/texmf-texlive/tex/latex/amsmath/amstext.sty
Package: amstext 2000/06/29 v2.01

(/usr/share/texmf-texlive/tex/latex/amsmath/amsgen.sty
File: amsgen.sty 1999/11/30 v2.0
\@emptytoks=\toks15
\ex@=\dimen105
))
(/usr/share/texmf-texlive/tex/latex/amsmath/amsbsy.sty
Package: amsbsy 1999/11/29 v1.2d
\pmbraise@=\dimen106
)
(/usr/share/texmf-texlive/tex/latex/amsmath/amsopn.sty
Package: amsopn 1999/12/14 v2.01 operator names
)
\inf@bad=\count88
LaTeX Info: Redefining \frac on input line 211.
\uproot@=\count89
\leftroot@=\count90
LaTeX Info: Redefining \overline on input line 307.
\classnum@=\count91
\DOTSCASE@=\count92
LaTeX Info: Redefining \ldots on input line 379.
LaTeX Info: Redefining \dots on input line 382.
LaTeX Info: Redefining \cdots on input line 467.
\Mathstrutbox@=\box26
\strutbox@=\box27
\big@size=\dimen107
LaTeX Font Info:    Redeclaring font encoding OML on input line 567.
LaTeX Font Info:    Redeclaring font encoding OMS on input line 568.
\macc@depth=\count93
\c@MaxMatrixCols=\count94
\dotsspace@=\muskip10
\c@parentequation=\count95
\dspbrk@lvl=\count96
\tag@help=\toks16
\row@=\count97
\column@=\count98
\maxfields@=\count99
\andhelp@=\toks17
\eqnshift@=\dimen108
\alignsep@=\dimen109
\tagshift@=\dimen110
\tagwidth@=\dimen111
\totwidth@=\dimen112
\lineht@=\dimen113
\@envbody=\toks18
\multlinegap=\skip44
\multlinetaggap=\skip45
\mathdisplay@stack=\toks19
LaTeX Info: Redefining \[ on input line 2666.
LaTeX Info: Redefining \] on input line 2667.
)
(/usr/share/texmf-texlive/tex/latex/base/inputenc.sty
Package: inputenc 2008/03/30 v1.1d Input encoding file
\inpenc@prehook=\toks20
\inpenc@posthook=\toks21

(/usr/share/texmf-texlive/tex/latex/base/latin1.def
File: latin1.def 2008/03/30 v1.1d Input encoding file
))
(/usr/share/texmf-texlive/tex/generic/babel/babel.sty
Package: babel 2008/07/06 v3.8l The Babel package

(/usr/share/texmf-texlive/tex/generic/babel/spanish.ldf
Language: spanish.ldf 2009/01/02 v5.0h Spanish support from the babel system

(/usr/share/texmf-texlive/tex/generic/babel/babel.def
File: babel.def 2008/07/06 v3.8l Babel common definitions
\babel@savecnt=\count100
\U@D=\dimen114
)

Package babel Warning: No hyphenation patterns were loaded for
(babel)                the language `Spanish'
(babel)                I will use the patterns loaded for \language=0 instead.

\l@spanish = a dialect from \language0
\es@datefmt=\count101
\es@quottoks=\toks22
\es@quotdepth=\count102
Package babel Info: Making " an active character on input line 492.
Package babel Info: Making . an active character on input line 585.
Package babel Info: Making < an active character on input line 630.
Package babel Info: Making > an active character on input line 630.
)) (./informe.aux)
\openout1 = `informe.aux'.

LaTeX Font Info:    Checking defaults for OML/cmm/m/it on input line 25.
LaTeX Font Info:    ... okay on input line 25.
LaTeX Font Info:    Checking defaults for T1/cmr/m/n on input line 25.
LaTeX Font Info:    ... okay on input line 25.
LaTeX Font Info:    Checking defaults for OT1/cmr/m/n on input line 25.
LaTeX Font Info:    ... okay on input line 25.
LaTeX Font Info:    Checking defaults for OMS/cmsy/m/n on input line 25.
LaTeX Font Info:    ... okay on input line 25.
LaTeX Font Info:    Checking defaults for OMX/cmex/m/n on input line 25.
LaTeX Font Info:    ... okay on input line 25.
LaTeX Font Info:    Checking defaults for U/cmr/m/n on input line 25.
LaTeX Font Info:    ... okay on input line 25.
 (/usr/share/texmf-texlive/tex/context/base/supp-pdf.mkii
[Loading MPS to PDF converter (version 2006.09.02).]
\scratchcounter=\count103
\scratchdimen=\dimen115
\scratchbox=\box28
\nofMPsegments=\count104
\nofMParguments=\count105
\everyMPshowfont=\toks23
\MPscratchCnt=\count106
\MPscratchDim=\dimen116
\MPnumerator=\count107
\everyMPtoPDFconversion=\toks24
) [1

{/var/lib/texmf/fonts/map/pdftex/updmap/pdftex.map}] [2] [3] [4]
Overfull \hbox (22.4968pt too wide) in paragraph at lines 97--97
[]\OT1/cmtt/m/n/10 $ gcc -Wall -pedantic --std=c99 velocidad_escape.o pgm.o mai
n.c -o tp0[] 
 []


Overfull \hbox (38.24666pt too wide) in paragraph at lines 104--104
[]\OT1/cmtt/m/n/10 $ gcc -Wall -S -pedantic --std=c99 velocidad_escape.o pgm.o 
main.c -o tp0[] 
 []

[5]
Underfull \hbox (badness 10000) in paragraph at lines 114--115

 []


Underfull \hbox (badness 10000) in paragraph at lines 126--130

 []

<uno.png, id=28, 639.38875pt x 476.78125pt>
File: uno.png Graphic file (type png)
 <use uno.png> [6]
<dos.png, id=32, 640.3925pt x 480.79625pt>
File: dos.png Graphic file (type png)
 <use dos.png> [7 <./uno.png (PNG copy)>] [8 <./dos.png (PNG copy)>]
Overfull \hbox (59.24648pt too wide) in paragraph at lines 337--337
[]    \OT1/cmtt/m/n/10 pgm_image.matrix = allocate_dynamic_matrix(pgm_image.row
, pgm_image.col);[] 
 []


Overfull \hbox (22.4968pt too wide) in paragraph at lines 337--337
[]    \OT1/cmtt/m/n/10 double first_imaginary_value = data->center[1] + data->p
lane[1]/2;[] 
 []


Overfull \hbox (11.99689pt too wide) in paragraph at lines 337--337
[]    \OT1/cmtt/m/n/10 double height_scale =  - (data->plane[1] / data->resolut
ion[1]);[] 
 []


Overfull \hbox (279.74455pt too wide) in paragraph at lines 337--337
[]            \OT1/cmtt/m/n/10 pixel_t* pixel = crear_pixel(first_real_value + 
j * width_scale, first_imaginary_value + i * height_scale);[] 
 []

[9]
Overfull \hbox (164.24556pt too wide) in paragraph at lines 337--337
[]    \OT1/cmtt/m/n/10 while ((option = getopt_long(argc, argv, "o:r:c:w:H:", l
ong_options, &option_index)) != -1) {[] 
 []


Overfull \hbox (148.4957pt too wide) in paragraph at lines 337--337
[]                \OT1/cmtt/m/n/10 if (sscanf(optarg, "%d%*c%d", &data.resoluti
on[0], &data.resolution[1]) != 2){[] 
 []


Overfull \hbox (101.24611pt too wide) in paragraph at lines 337--337
[]                    \OT1/cmtt/m/n/10 return terminateError("fatal: invalid re
solution specification");[] 
 []


Overfull \hbox (32.9967pt too wide) in paragraph at lines 337--337
[]                \OT1/cmtt/m/n/10 if (data.resolution[0] == 0 || data.resoluti
on[1] == 0){[] 
 []


Overfull \hbox (43.49661pt too wide) in paragraph at lines 337--337
[]                    \OT1/cmtt/m/n/10 return terminateError("Usage:\n\ttp0 -h\
n\ttp0 -V\n");[] 
 []


Overfull \hbox (190.49533pt too wide) in paragraph at lines 337--337
[]                \OT1/cmtt/m/n/10 if (sscanf(optarg, "%f%*c%f%c", &data.center
[0], &data.center[1], &i) != 3 || i!='i'){[] 
 []


Overfull \hbox (80.24629pt too wide) in paragraph at lines 337--337
[]                    \OT1/cmtt/m/n/10 return terminateError("fatal: invalid ce
nter specification");[] 
 []


Overfull \hbox (74.99634pt too wide) in paragraph at lines 337--337
[]                    \OT1/cmtt/m/n/10 return terminateError("fatal: invalid wi
dth specification");[] 
 []


Overfull \hbox (80.24629pt too wide) in paragraph at lines 337--337
[]                    \OT1/cmtt/m/n/10 return terminateError("fatal: invalid he
ight specification");[] 
 []


Overfull \hbox (74.99634pt too wide) in paragraph at lines 337--337
[]                        \OT1/cmtt/m/n/10 return terminateError("fatal: cannot
 open output file");[] 
 []


Overfull \hbox (1.49698pt too wide) in paragraph at lines 337--337
[]                \OT1/cmtt/m/n/10 return terminateError("fatal: invalid argume
nts");[] 
 []

[10] [11] [12]
Overfull \hbox (22.4968pt too wide) in paragraph at lines 410--410
[]            \OT1/cmtt/m/n/10 fprintf(pgmFile, "%d ", data->matrix[data->row -
 i-1][j]);[] 
 []

[13] [14]
Overfull \hbox (17.24684pt too wide) in paragraph at lines 493--493
[]\OT1/cmtt/m/n/10 return (num->real * num->real) + (num->imaginario * num->ima
ginario);[] 
 []


Overfull \hbox (32.9967pt too wide) in paragraph at lines 493--493
[]\OT1/cmtt/m/n/10 double real = num->real * num->real - num->imaginario * num-
>imaginario;[] 
 []

[15] [16]
Overfull \hbox (94.66876pt too wide) in paragraph at lines 511--513
[]\OT1/cmr/m/n/10 Introduction to the Man-del-brot Set, http://www.olympus.net/
personal/dewey/mandelbrot.html. 
 []


Underfull \hbox (badness 4279) in paragraph at lines 514--516
[]\OT1/cmr/m/n/10 Smooth shad-ing for the Man-del-brot ex-te-ri-or. http://lina
s.org/art-
 []


Underfull \hbox (badness 5175) in paragraph at lines 520--521
[]\OT1/cmr/m/n/10 Oetiker, To-bias, "The Not So Short In-tro-duc-tion To La-TeX
2",
 []

[17] (./informe.aux) ) 
Here is how much of TeX's memory you used:
 2193 strings out of 495061
 26466 string characters out of 1182622
 92089 words of memory out of 3000000
 5377 multiletter control sequences out of 15000+50000
 10621 words of font info for 39 fonts, out of 3000000 for 9000
 28 hyphenation exceptions out of 8191
 27i,9n,27p,649b,270s stack positions out of 5000i,500n,10000p,200000b,50000s
</usr/share/texmf-texlive/fonts/type1/public/amsfonts/cm/
cmbx10.pfb></usr/share/texmf-texlive/fonts/type1/public/amsfonts/cm/cmbx12.pfb>
</usr/share/texmf-texlive/fonts/type1/public/amsfonts/cm/cmbx9.pfb></usr/share/
texmf-texlive/fonts/type1/public/amsfonts/cm/cmr10.pfb></usr/share/texmf-texliv
e/fonts/type1/public/amsfonts/cm/cmr12.pfb></usr/share/texmf-texlive/fonts/type
1/public/amsfonts/cm/cmr7.pfb></usr/share/texmf-texlive/fonts/type1/public/amsf
onts/cm/cmr9.pfb></usr/share/texmf-texlive/fonts/type1/public/amsfonts/cm/cmsy1
0.pfb></usr/share/texmf-texlive/fonts/type1/public/amsfonts/cm/cmti12.pfb></usr
/share/texmf-texlive/fonts/type1/public/amsfonts/cm/cmtt10.pfb></usr/share/texm
f-texlive/fonts/type1/public/amsfonts/cm/cmtt12.pfb>
Output written on informe.pdf (17 pages, 364343 bytes).
PDF statistics:
 103 PDF objects out of 1000 (max. 8388607)
 0 named destinations out of 1000 (max. 500000)
 11 words of extra memory for PDF output out of 10000 (max. 10000000)

